<?xml version="1.0" encoding="UTF-8"?>
<coverage generated="1736633283476" clover="3.2.0">
  <project timestamp="1736633283476" name="All files">
    <metrics statements="101" coveredstatements="97" conditionals="22" coveredconditionals="17" methods="42" coveredmethods="38" elements="165" coveredelements="152" complexity="0" loc="101" ncloc="101" packages="2" files="17" classes="17"/>
    <package name="components">
      <metrics statements="73" coveredstatements="72" conditionals="22" coveredconditionals="17" methods="32" coveredmethods="31"/>
      <file name="Body.js" path="C:\learning_React\src\components\Body.js">
        <metrics statements="25" coveredstatements="24" conditionals="6" coveredconditionals="5" methods="10" coveredmethods="9"/>
        <line num="10" count="1" type="stmt"/>
        <line num="14" count="7" type="stmt"/>
        <line num="15" count="7" type="stmt"/>
        <line num="16" count="7" type="stmt"/>
        <line num="18" count="7" type="stmt"/>
        <line num="21" count="7" type="stmt"/>
        <line num="22" count="2" type="stmt"/>
        <line num="25" count="7" type="stmt"/>
        <line num="26" count="2" type="stmt"/>
        <line num="27" count="2" type="stmt"/>
        <line num="31" count="2" type="stmt"/>
        <line num="32" count="2" type="stmt"/>
        <line num="36" count="7" type="stmt"/>
        <line num="37" count="7" type="cond" truecount="1" falsecount="1"/>
        <line num="46" count="7" type="stmt"/>
        <line num="49" count="7" type="cond" truecount="2" falsecount="0"/>
        <line num="59" count="1" type="stmt"/>
        <line num="66" count="1" type="stmt"/>
        <line num="67" count="102" type="stmt"/>
        <line num="69" count="1" type="stmt"/>
        <line num="76" count="1" type="stmt"/>
        <line num="77" count="102" type="stmt"/>
        <line num="79" count="1" type="stmt"/>
        <line num="89" count="0" type="stmt"/>
        <line num="97" count="322" type="stmt"/>
      </file>
      <file name="Cart.js" path="C:\learning_React\src\components\Cart.js">
        <metrics statements="6" coveredstatements="6" conditionals="2" coveredconditionals="2" methods="3" coveredmethods="3"/>
        <line num="5" count="1" type="stmt"/>
        <line num="8" count="6" type="stmt"/>
        <line num="10" count="3" type="stmt"/>
        <line num="12" count="3" type="stmt"/>
        <line num="13" count="1" type="stmt"/>
        <line num="16" count="3" type="stmt"/>
      </file>
      <file name="Contact.js" path="C:\learning_React\src\components\Contact.js">
        <metrics statements="2" coveredstatements="2" conditionals="0" coveredconditionals="0" methods="1" coveredmethods="1"/>
        <line num="1" count="1" type="stmt"/>
        <line num="2" count="4" type="stmt"/>
      </file>
      <file name="Header.js" path="C:\learning_React\src\components\Header.js">
        <metrics statements="7" coveredstatements="7" conditionals="4" coveredconditionals="2" methods="3" coveredmethods="3"/>
        <line num="9" count="2" type="stmt"/>
        <line num="21" count="7" type="stmt"/>
        <line num="23" count="7" type="stmt"/>
        <line num="25" count="7" type="stmt"/>
        <line num="28" count="13" type="stmt"/>
        <line num="30" count="7" type="stmt"/>
        <line num="54" count="1" type="cond" truecount="1" falsecount="1"/>
      </file>
      <file name="ItemList.js" path="C:\learning_React\src\components\ItemList.js">
        <metrics statements="7" coveredstatements="7" conditionals="0" coveredconditionals="0" methods="4" coveredmethods="4"/>
        <line num="6" count="1" type="stmt"/>
        <line num="8" count="5" type="stmt"/>
        <line num="10" count="5" type="stmt"/>
        <line num="12" count="1" type="stmt"/>
        <line num="15" count="5" type="stmt"/>
        <line num="18" count="30" type="stmt"/>
        <line num="31" count="1" type="stmt"/>
      </file>
      <file name="RestaurantCard.js" path="C:\learning_React\src\components\RestaurantCard.js">
        <metrics statements="7" coveredstatements="7" conditionals="2" coveredconditionals="1" methods="3" coveredmethods="3"/>
        <line num="3" count="2" type="stmt"/>
        <line num="5" count="324" type="stmt"/>
        <line num="7" count="324" type="stmt"/>
        <line num="9" count="324" type="stmt"/>
        <line num="29" count="2" type="stmt"/>
        <line num="31" count="8" type="stmt"/>
        <line num="32" count="22" type="stmt"/>
      </file>
      <file name="RestaurantCategory.js" path="C:\learning_React\src\components\RestaurantCategory.js">
        <metrics statements="4" coveredstatements="4" conditionals="2" coveredconditionals="2" methods="2" coveredmethods="2"/>
        <line num="4" count="1" type="stmt"/>
        <line num="6" count="34" type="stmt"/>
        <line num="7" count="1" type="stmt"/>
        <line num="10" count="34" type="stmt"/>
      </file>
      <file name="RestaurantMenu.js" path="C:\learning_React\src\components\RestaurantMenu.js">
        <metrics statements="11" coveredstatements="11" conditionals="6" coveredconditionals="5" methods="4" coveredmethods="4"/>
        <line num="9" count="1" type="stmt"/>
        <line num="13" count="3" type="stmt"/>
        <line num="18" count="3" type="stmt"/>
        <line num="20" count="3" type="stmt"/>
        <line num="22" count="3" type="cond" truecount="2" falsecount="0"/>
        <line num="24" count="2" type="stmt"/>
        <line num="29" count="2" type="stmt"/>
        <line num="31" count="46" type="stmt"/>
        <line num="38" count="2" type="stmt"/>
        <line num="53" count="34" type="stmt"/>
        <line num="57" count="1" type="cond" truecount="1" falsecount="1"/>
      </file>
      <file name="Shimmer.js" path="C:\learning_React\src\components\Shimmer.js">
        <metrics statements="2" coveredstatements="2" conditionals="0" coveredconditionals="0" methods="1" coveredmethods="1"/>
        <line num="3" count="2" type="stmt"/>
        <line num="4" count="3" type="stmt"/>
      </file>
      <file name="sum.js" path="C:\learning_React\src\components\sum.js">
        <metrics statements="2" coveredstatements="2" conditionals="0" coveredconditionals="0" methods="1" coveredmethods="1"/>
        <line num="1" count="1" type="stmt"/>
        <line num="2" count="1" type="stmt"/>
      </file>
    </package>
    <package name="utils">
      <metrics statements="28" coveredstatements="25" conditionals="0" coveredconditionals="0" methods="10" coveredmethods="7"/>
      <file name="UserContext.js" path="C:\learning_React\src\utils\UserContext.js">
        <metrics statements="1" coveredstatements="1" conditionals="0" coveredconditionals="0" methods="0" coveredmethods="0"/>
        <line num="5" count="3" type="stmt"/>
      </file>
      <file name="appStore.js" path="C:\learning_React\src\utils\appStore.js">
        <metrics statements="1" coveredstatements="1" conditionals="0" coveredconditionals="0" methods="0" coveredmethods="0"/>
        <line num="4" count="2" type="stmt"/>
      </file>
      <file name="cartSlice.js" path="C:\learning_React\src\utils\cartSlice.js">
        <metrics statements="5" coveredstatements="4" conditionals="0" coveredconditionals="0" methods="3" coveredmethods="2"/>
        <line num="4" count="2" type="stmt"/>
        <line num="14" count="1" type="stmt"/>
        <line num="17" count="0" type="stmt"/>
        <line num="24" count="1" type="stmt"/>
        <line num="29" count="2" type="stmt"/>
      </file>
      <file name="constants.js" path="C:\learning_React\src\utils\constants.js">
        <metrics statements="3" coveredstatements="3" conditionals="0" coveredconditionals="0" methods="0" coveredmethods="0"/>
        <line num="1" count="4" type="stmt"/>
        <line num="4" count="4" type="stmt"/>
        <line num="6" count="4" type="stmt"/>
      </file>
      <file name="mockData.js" path="C:\learning_React\src\utils\mockData.js">
        <metrics statements="1" coveredstatements="1" conditionals="0" coveredconditionals="0" methods="0" coveredmethods="0"/>
        <line num="1" count="1" type="stmt"/>
      </file>
      <file name="useOnlineStatus.js" path="C:\learning_React\src\utils\useOnlineStatus.js">
        <metrics statements="8" coveredstatements="6" conditionals="0" coveredconditionals="0" methods="4" coveredmethods="2"/>
        <line num="4" count="3" type="stmt"/>
        <line num="7" count="14" type="stmt"/>
        <line num="11" count="14" type="stmt"/>
        <line num="12" count="6" type="stmt"/>
        <line num="13" count="0" type="stmt"/>
        <line num="16" count="6" type="stmt"/>
        <line num="17" count="0" type="stmt"/>
        <line num="21" count="14" type="stmt"/>
      </file>
      <file name="useRestrauntMenu.js" path="C:\learning_React\src\utils\useRestrauntMenu.js">
        <metrics statements="9" coveredstatements="9" conditionals="0" coveredconditionals="0" methods="3" coveredmethods="3"/>
        <line num="7" count="1" type="stmt"/>
        <line num="9" count="3" type="stmt"/>
        <line num="11" count="3" type="stmt"/>
        <line num="12" count="1" type="stmt"/>
        <line num="15" count="3" type="stmt"/>
        <line num="16" count="1" type="stmt"/>
        <line num="17" count="1" type="stmt"/>
        <line num="18" count="1" type="stmt"/>
        <line num="21" count="3" type="stmt"/>
      </file>
    </package>
  </project>
</coverage>
