{"C:\\learning_React\\src\\components\\Body.js": {"path":"C:\\learning_React\\src\\components\\Body.js","statementMap":{"0":{"start":{"line":10,"column":13},"end":{"line":109,"column":1}},"1":{"start":{"line":14,"column":53},"end":{"line":14,"column":65}},"2":{"start":{"line":15,"column":55},"end":{"line":15,"column":67}},"3":{"start":{"line":16,"column":39},"end":{"line":16,"column":49}},"4":{"start":{"line":18,"column":35},"end":{"line":18,"column":68}},"5":{"start":{"line":21,"column":4},"end":{"line":23,"column":9}},"6":{"start":{"line":22,"column":8},"end":{"line":22,"column":20}},"7":{"start":{"line":25,"column":22},"end":{"line":33,"column":5}},"8":{"start":{"line":26,"column":21},"end":{"line":26,"column":259}},"9":{"start":{"line":27,"column":21},"end":{"line":27,"column":38}},"10":{"start":{"line":31,"column":8},"end":{"line":31,"column":96}},"11":{"start":{"line":32,"column":8},"end":{"line":32,"column":97}},"12":{"start":{"line":36,"column":25},"end":{"line":36,"column":42}},"13":{"start":{"line":37,"column":4},"end":{"line":37,"column":109}},"14":{"start":{"line":37,"column":29},"end":{"line":37,"column":109}},"15":{"start":{"line":46,"column":39},"end":{"line":46,"column":62}},"16":{"start":{"line":49,"column":4},"end":{"line":108,"column":5}},"17":{"start":{"line":59,"column":20},"end":{"line":59,"column":49}},"18":{"start":{"line":66,"column":51},"end":{"line":68,"column":26}},"19":{"start":{"line":67,"column":28},"end":{"line":67,"column":100}},"20":{"start":{"line":69,"column":24},"end":{"line":69,"column":66}},"21":{"start":{"line":76,"column":41},"end":{"line":78,"column":21}},"22":{"start":{"line":77,"column":33},"end":{"line":77,"column":67}},"23":{"start":{"line":79,"column":20},"end":{"line":79,"column":56}},"24":{"start":{"line":89,"column":27},"end":{"line":89,"column":54}},"25":{"start":{"line":97,"column":12},"end":{"line":103,"column":20}}},"fnMap":{"0":{"name":"(anonymous_0)","decl":{"start":{"line":10,"column":13},"end":{"line":10,"column":14}},"loc":{"start":{"line":10,"column":19},"end":{"line":109,"column":1}},"line":10},"1":{"name":"(anonymous_1)","decl":{"start":{"line":21,"column":14},"end":{"line":21,"column":15}},"loc":{"start":{"line":21,"column":18},"end":{"line":23,"column":5}},"line":21},"2":{"name":"(anonymous_2)","decl":{"start":{"line":25,"column":22},"end":{"line":25,"column":23}},"loc":{"start":{"line":25,"column":34},"end":{"line":33,"column":5}},"line":25},"3":{"name":"(anonymous_3)","decl":{"start":{"line":57,"column":26},"end":{"line":57,"column":27}},"loc":{"start":{"line":57,"column":31},"end":{"line":60,"column":17}},"line":57},"4":{"name":"(anonymous_4)","decl":{"start":{"line":64,"column":29},"end":{"line":64,"column":30}},"loc":{"start":{"line":64,"column":33},"end":{"line":70,"column":21}},"line":64},"5":{"name":"(anonymous_5)","decl":{"start":{"line":66,"column":76},"end":{"line":66,"column":77}},"loc":{"start":{"line":67,"column":28},"end":{"line":67,"column":100}},"line":67},"6":{"name":"(anonymous_6)","decl":{"start":{"line":75,"column":25},"end":{"line":75,"column":26}},"loc":{"start":{"line":75,"column":29},"end":{"line":80,"column":17}},"line":75},"7":{"name":"(anonymous_7)","decl":{"start":{"line":77,"column":24},"end":{"line":77,"column":25}},"loc":{"start":{"line":77,"column":33},"end":{"line":77,"column":67}},"line":77},"8":{"name":"(anonymous_8)","decl":{"start":{"line":89,"column":22},"end":{"line":89,"column":23}},"loc":{"start":{"line":89,"column":27},"end":{"line":89,"column":54}},"line":89},"9":{"name":"(anonymous_9)","decl":{"start":{"line":93,"column":35},"end":{"line":93,"column":36}},"loc":{"start":{"line":97,"column":12},"end":{"line":103,"column":20}},"line":97}},"branchMap":{"0":{"loc":{"start":{"line":37,"column":4},"end":{"line":37,"column":109}},"type":"if","locations":[{"start":{"line":37,"column":4},"end":{"line":37,"column":109}},{"start":{},"end":{}}],"line":37},"1":{"loc":{"start":{"line":49,"column":11},"end":{"line":108,"column":5}},"type":"cond-expr","locations":[{"start":{"line":49,"column":40},"end":{"line":49,"column":50}},{"start":{"line":50,"column":8},"end":{"line":107,"column":14}}],"line":49},"2":{"loc":{"start":{"line":100,"column":20},"end":{"line":101,"column":60}},"type":"cond-expr","locations":[{"start":{"line":100,"column":58},"end":{"line":100,"column":104}},{"start":{"line":101,"column":21},"end":{"line":101,"column":59}}],"line":100}},"s":{"0":1,"1":7,"2":7,"3":7,"4":7,"5":7,"6":2,"7":7,"8":2,"9":2,"10":2,"11":2,"12":7,"13":7,"14":0,"15":7,"16":7,"17":1,"18":1,"19":102,"20":1,"21":1,"22":102,"23":1,"24":0,"25":322},"f":{"0":7,"1":2,"2":2,"3":1,"4":1,"5":102,"6":1,"7":102,"8":0,"9":322},"b":{"0":[0,7],"1":[2,5],"2":[21,301]},"_coverageSchema":"1a1c01bbd47fc00a2c39e90264f33305004495a9","hash":"72b9529995544a525ee13ec967f92ec85b3373ad"}
,"C:\\learning_React\\src\\components\\Cart.js": {"path":"C:\\learning_React\\src\\components\\Cart.js","statementMap":{"0":{"start":{"line":5,"column":13},"end":{"line":27,"column":1}},"1":{"start":{"line":8,"column":22},"end":{"line":8,"column":60}},"2":{"start":{"line":8,"column":43},"end":{"line":8,"column":59}},"3":{"start":{"line":10,"column":21},"end":{"line":10,"column":34}},"4":{"start":{"line":12,"column":28},"end":{"line":14,"column":5}},"5":{"start":{"line":13,"column":8},"end":{"line":13,"column":30}},"6":{"start":{"line":16,"column":0},"end":{"line":26,"column":1}}},"fnMap":{"0":{"name":"(anonymous_0)","decl":{"start":{"line":5,"column":13},"end":{"line":5,"column":14}},"loc":{"start":{"line":5,"column":19},"end":{"line":27,"column":1}},"line":5},"1":{"name":"(anonymous_1)","decl":{"start":{"line":8,"column":34},"end":{"line":8,"column":35}},"loc":{"start":{"line":8,"column":43},"end":{"line":8,"column":59}},"line":8},"2":{"name":"(anonymous_2)","decl":{"start":{"line":12,"column":28},"end":{"line":12,"column":29}},"loc":{"start":{"line":12,"column":32},"end":{"line":14,"column":5}},"line":12}},"branchMap":{"0":{"loc":{"start":{"line":22,"column":9},"end":{"line":22,"column":78}},"type":"binary-expr","locations":[{"start":{"line":22,"column":9},"end":{"line":22,"column":29}},{"start":{"line":22,"column":33},"end":{"line":22,"column":78}}],"line":22}},"s":{"0":1,"1":3,"2":6,"3":3,"4":3,"5":1,"6":3},"f":{"0":3,"1":6,"2":1},"b":{"0":[3,2]},"_coverageSchema":"1a1c01bbd47fc00a2c39e90264f33305004495a9","hash":"a1a1da670eac1b982818422f0c12734558ae9ee0"}
,"C:\\learning_React\\src\\components\\Contact.js": {"path":"C:\\learning_React\\src\\components\\Contact.js","statementMap":{"0":{"start":{"line":1,"column":16},"end":{"line":12,"column":1}},"1":{"start":{"line":2,"column":4},"end":{"line":11,"column":5}}},"fnMap":{"0":{"name":"(anonymous_0)","decl":{"start":{"line":1,"column":16},"end":{"line":1,"column":17}},"loc":{"start":{"line":1,"column":22},"end":{"line":12,"column":1}},"line":1}},"branchMap":{},"s":{"0":1,"1":4},"f":{"0":4},"b":{},"_coverageSchema":"1a1c01bbd47fc00a2c39e90264f33305004495a9","hash":"3593553fae893c4cfd7c026d548b30ad4f892f50"}
,"C:\\learning_React\\src\\components\\Header.js": {"path":"C:\\learning_React\\src\\components\\Header.js","statementMap":{"0":{"start":{"line":9,"column":15},"end":{"line":60,"column":1}},"1":{"start":{"line":21,"column":33},"end":{"line":21,"column":50}},"2":{"start":{"line":23,"column":25},"end":{"line":23,"column":42}},"3":{"start":{"line":25,"column":27},"end":{"line":25,"column":50}},"4":{"start":{"line":28,"column":22},"end":{"line":28,"column":62}},"5":{"start":{"line":28,"column":45},"end":{"line":28,"column":61}},"6":{"start":{"line":30,"column":4},"end":{"line":59,"column":5}},"7":{"start":{"line":54,"column":54},"end":{"line":54,"column":112}}},"fnMap":{"0":{"name":"(anonymous_0)","decl":{"start":{"line":9,"column":15},"end":{"line":9,"column":16}},"loc":{"start":{"line":9,"column":21},"end":{"line":60,"column":1}},"line":9},"1":{"name":"(anonymous_1)","decl":{"start":{"line":28,"column":34},"end":{"line":28,"column":35}},"loc":{"start":{"line":28,"column":45},"end":{"line":28,"column":61}},"line":28},"2":{"name":"(anonymous_2)","decl":{"start":{"line":54,"column":49},"end":{"line":54,"column":50}},"loc":{"start":{"line":54,"column":53},"end":{"line":54,"column":113}},"line":54}},"branchMap":{"0":{"loc":{"start":{"line":39,"column":31},"end":{"line":39,"column":53}},"type":"cond-expr","locations":[{"start":{"line":39,"column":46},"end":{"line":39,"column":49}},{"start":{"line":39,"column":50},"end":{"line":39,"column":53}}],"line":39},"1":{"loc":{"start":{"line":54,"column":54},"end":{"line":54,"column":112}},"type":"cond-expr","locations":[{"start":{"line":54,"column":72},"end":{"line":54,"column":92}},{"start":{"line":54,"column":93},"end":{"line":54,"column":112}}],"line":54}},"s":{"0":2,"1":7,"2":7,"3":7,"4":7,"5":13,"6":7,"7":1},"f":{"0":7,"1":13,"2":1},"b":{"0":[7,0],"1":[1,0]},"_coverageSchema":"1a1c01bbd47fc00a2c39e90264f33305004495a9","hash":"1716488bfff6ebcb3a80dd670117b9c99fff3900"}
,"C:\\learning_React\\src\\components\\ItemList.js": {"path":"C:\\learning_React\\src\\components\\ItemList.js","statementMap":{"0":{"start":{"line":6,"column":17},"end":{"line":40,"column":1}},"1":{"start":{"line":8,"column":21},"end":{"line":8,"column":34}},"2":{"start":{"line":10,"column":26},"end":{"line":13,"column":5}},"3":{"start":{"line":12,"column":8},"end":{"line":12,"column":31}},"4":{"start":{"line":15,"column":2},"end":{"line":39,"column":8}},"5":{"start":{"line":18,"column":9},"end":{"line":36,"column":16}},"6":{"start":{"line":31,"column":30},"end":{"line":31,"column":49}}},"fnMap":{"0":{"name":"(anonymous_0)","decl":{"start":{"line":6,"column":17},"end":{"line":6,"column":18}},"loc":{"start":{"line":6,"column":30},"end":{"line":40,"column":1}},"line":6},"1":{"name":"(anonymous_1)","decl":{"start":{"line":10,"column":26},"end":{"line":10,"column":27}},"loc":{"start":{"line":10,"column":35},"end":{"line":13,"column":5}},"line":10},"2":{"name":"(anonymous_2)","decl":{"start":{"line":17,"column":19},"end":{"line":17,"column":20}},"loc":{"start":{"line":18,"column":9},"end":{"line":36,"column":16}},"line":18},"3":{"name":"(anonymous_3)","decl":{"start":{"line":31,"column":24},"end":{"line":31,"column":25}},"loc":{"start":{"line":31,"column":30},"end":{"line":31,"column":49}},"line":31}},"branchMap":{},"s":{"0":1,"1":5,"2":5,"3":1,"4":5,"5":30,"6":1},"f":{"0":5,"1":1,"2":30,"3":1},"b":{},"_coverageSchema":"1a1c01bbd47fc00a2c39e90264f33305004495a9","hash":"9464a1acb29f7a67488738a92ba6adde958279f8"}
,"C:\\learning_React\\src\\components\\RestaurantCard.js": {"path":"C:\\learning_React\\src\\components\\RestaurantCard.js","statementMap":{"0":{"start":{"line":3,"column":22},"end":{"line":26,"column":1}},"1":{"start":{"line":5,"column":22},"end":{"line":5,"column":27}},"2":{"start":{"line":7,"column":78},"end":{"line":7,"column":103}},"3":{"start":{"line":9,"column":2},"end":{"line":25,"column":3}},"4":{"start":{"line":29,"column":33},"end":{"line":39,"column":1}},"5":{"start":{"line":31,"column":2},"end":{"line":38,"column":3}},"6":{"start":{"line":32,"column":4},"end":{"line":37,"column":5}}},"fnMap":{"0":{"name":"(anonymous_0)","decl":{"start":{"line":3,"column":22},"end":{"line":3,"column":23}},"loc":{"start":{"line":3,"column":33},"end":{"line":26,"column":1}},"line":3},"1":{"name":"(anonymous_1)","decl":{"start":{"line":29,"column":33},"end":{"line":29,"column":34}},"loc":{"start":{"line":29,"column":53},"end":{"line":39,"column":1}},"line":29},"2":{"name":"(anonymous_2)","decl":{"start":{"line":31,"column":9},"end":{"line":31,"column":10}},"loc":{"start":{"line":31,"column":18},"end":{"line":38,"column":3}},"line":31}},"branchMap":{"0":{"loc":{"start":{"line":21,"column":13},"end":{"line":21,"column":59}},"type":"cond-expr","locations":[{"start":{"line":21,"column":36},"end":{"line":21,"column":41}},{"start":{"line":21,"column":42},"end":{"line":21,"column":59}}],"line":21}},"s":{"0":2,"1":324,"2":324,"3":324,"4":2,"5":8,"6":22},"f":{"0":324,"1":8,"2":22},"b":{"0":[0,324]},"_coverageSchema":"1a1c01bbd47fc00a2c39e90264f33305004495a9","hash":"9ca929317c2d8a602cdc61a20e034fd284176db0"}
,"C:\\learning_React\\src\\components\\RestaurantCategory.js": {"path":"C:\\learning_React\\src\\components\\RestaurantCategory.js","statementMap":{"0":{"start":{"line":4,"column":27},"end":{"line":26,"column":1}},"1":{"start":{"line":6,"column":24},"end":{"line":8,"column":5}},"2":{"start":{"line":7,"column":7},"end":{"line":7,"column":22}},"3":{"start":{"line":10,"column":2},"end":{"line":25,"column":3}}},"fnMap":{"0":{"name":"(anonymous_0)","decl":{"start":{"line":4,"column":27},"end":{"line":4,"column":28}},"loc":{"start":{"line":4,"column":61},"end":{"line":26,"column":1}},"line":4},"1":{"name":"(anonymous_1)","decl":{"start":{"line":6,"column":24},"end":{"line":6,"column":25}},"loc":{"start":{"line":6,"column":30},"end":{"line":8,"column":5}},"line":6}},"branchMap":{"0":{"loc":{"start":{"line":21,"column":6},"end":{"line":21,"column":54}},"type":"binary-expr","locations":[{"start":{"line":21,"column":6},"end":{"line":21,"column":15}},{"start":{"line":21,"column":19},"end":{"line":21,"column":54}}],"line":21}},"s":{"0":1,"1":34,"2":1,"3":34},"f":{"0":34,"1":1},"b":{"0":[34,2]},"_coverageSchema":"1a1c01bbd47fc00a2c39e90264f33305004495a9","hash":"c15cfec40c70a465acabfbf2e2720caeb1b851f9"}
,"C:\\learning_React\\src\\components\\RestaurantMenu.js": {"path":"C:\\learning_React\\src\\components\\RestaurantMenu.js","statementMap":{"0":{"start":{"line":9,"column":23},"end":{"line":62,"column":1}},"1":{"start":{"line":13,"column":20},"end":{"line":13,"column":31}},"2":{"start":{"line":18,"column":20},"end":{"line":18,"column":43}},"3":{"start":{"line":20,"column":37},"end":{"line":20,"column":48}},"4":{"start":{"line":22,"column":4},"end":{"line":22,"column":41}},"5":{"start":{"line":22,"column":23},"end":{"line":22,"column":41}},"6":{"start":{"line":24,"column":46},"end":{"line":24,"column":81}},"7":{"start":{"line":29,"column":4},"end":{"line":33,"column":5}},"8":{"start":{"line":31,"column":8},"end":{"line":32,"column":70}},"9":{"start":{"line":38,"column":4},"end":{"line":61,"column":5}},"10":{"start":{"line":53,"column":16},"end":{"line":58,"column":20}},"11":{"start":{"line":57,"column":36},"end":{"line":57,"column":84}}},"fnMap":{"0":{"name":"(anonymous_0)","decl":{"start":{"line":9,"column":23},"end":{"line":9,"column":24}},"loc":{"start":{"line":9,"column":28},"end":{"line":62,"column":1}},"line":9},"1":{"name":"(anonymous_1)","decl":{"start":{"line":30,"column":6},"end":{"line":30,"column":7}},"loc":{"start":{"line":31,"column":8},"end":{"line":32,"column":70}},"line":31},"2":{"name":"(anonymous_2)","decl":{"start":{"line":52,"column":28},"end":{"line":52,"column":29}},"loc":{"start":{"line":53,"column":16},"end":{"line":58,"column":20}},"line":53},"3":{"name":"(anonymous_3)","decl":{"start":{"line":57,"column":32},"end":{"line":57,"column":33}},"loc":{"start":{"line":57,"column":36},"end":{"line":57,"column":84}},"line":57}},"branchMap":{"0":{"loc":{"start":{"line":22,"column":4},"end":{"line":22,"column":41}},"type":"if","locations":[{"start":{"line":22,"column":4},"end":{"line":22,"column":41}},{"start":{},"end":{}}],"line":22},"1":{"loc":{"start":{"line":56,"column":29},"end":{"line":56,"column":61}},"type":"cond-expr","locations":[{"start":{"line":56,"column":51},"end":{"line":56,"column":55}},{"start":{"line":56,"column":56},"end":{"line":56,"column":61}}],"line":56},"2":{"loc":{"start":{"line":57,"column":49},"end":{"line":57,"column":83}},"type":"cond-expr","locations":[{"start":{"line":57,"column":71},"end":{"line":57,"column":75}},{"start":{"line":57,"column":78},"end":{"line":57,"column":83}}],"line":57}},"s":{"0":1,"1":3,"2":3,"3":3,"4":3,"5":1,"6":2,"7":2,"8":46,"9":2,"10":34,"11":1},"f":{"0":3,"1":46,"2":34,"3":1},"b":{"0":[1,2],"1":[2,32],"2":[0,1]},"_coverageSchema":"1a1c01bbd47fc00a2c39e90264f33305004495a9","hash":"4a68b210051f9452bcfa5e68dc8945dd3cb94272"}
,"C:\\learning_React\\src\\components\\Shimmer.js": {"path":"C:\\learning_React\\src\\components\\Shimmer.js","statementMap":{"0":{"start":{"line":3,"column":16},"end":{"line":23,"column":1}},"1":{"start":{"line":4,"column":2},"end":{"line":22,"column":3}}},"fnMap":{"0":{"name":"(anonymous_0)","decl":{"start":{"line":3,"column":16},"end":{"line":3,"column":17}},"loc":{"start":{"line":3,"column":22},"end":{"line":23,"column":1}},"line":3}},"branchMap":{},"s":{"0":2,"1":3},"f":{"0":3},"b":{},"_coverageSchema":"1a1c01bbd47fc00a2c39e90264f33305004495a9","hash":"0450e6764e77b8d93857708e045bf7a9196ff55f"}
,"C:\\learning_React\\src\\components\\sum.js": {"path":"C:\\learning_React\\src\\components\\sum.js","statementMap":{"0":{"start":{"line":1,"column":19},"end":{"line":3,"column":1}},"1":{"start":{"line":2,"column":4},"end":{"line":2,"column":15}}},"fnMap":{"0":{"name":"(anonymous_0)","decl":{"start":{"line":1,"column":19},"end":{"line":1,"column":20}},"loc":{"start":{"line":1,"column":28},"end":{"line":3,"column":1}},"line":1}},"branchMap":{},"s":{"0":1,"1":1},"f":{"0":1},"b":{},"_coverageSchema":"1a1c01bbd47fc00a2c39e90264f33305004495a9","hash":"8e17c0e7bedc512b6c5e3a67a37b4713f020866b"}
,"C:\\learning_React\\src\\utils\\UserContext.js": {"path":"C:\\learning_React\\src\\utils\\UserContext.js","statementMap":{"0":{"start":{"line":5,"column":20},"end":{"line":7,"column":2}}},"fnMap":{},"branchMap":{},"s":{"0":3},"f":{},"b":{},"_coverageSchema":"1a1c01bbd47fc00a2c39e90264f33305004495a9","hash":"83f73dc67628118cf7e50224d60447b5eb1a1ae8"}
,"C:\\learning_React\\src\\utils\\appStore.js": {"path":"C:\\learning_React\\src\\utils\\appStore.js","statementMap":{"0":{"start":{"line":4,"column":17},"end":{"line":10,"column":2}}},"fnMap":{},"branchMap":{},"s":{"0":2},"f":{},"b":{},"_coverageSchema":"1a1c01bbd47fc00a2c39e90264f33305004495a9","hash":"afc41a902c3cbcb553e9911608a5f9926c2a12e6"}
,"C:\\learning_React\\src\\utils\\cartSlice.js": {"path":"C:\\learning_React\\src\\utils\\cartSlice.js","statementMap":{"0":{"start":{"line":4,"column":18},"end":{"line":27,"column":2}},"1":{"start":{"line":14,"column":13},"end":{"line":14,"column":46}},"2":{"start":{"line":17,"column":12},"end":{"line":17,"column":30}},"3":{"start":{"line":24,"column":12},"end":{"line":24,"column":35}},"4":{"start":{"line":29,"column":45},"end":{"line":29,"column":62}}},"fnMap":{"0":{"name":"(anonymous_0)","decl":{"start":{"line":12,"column":17},"end":{"line":12,"column":18}},"loc":{"start":{"line":12,"column":33},"end":{"line":15,"column":9}},"line":12},"1":{"name":"(anonymous_1)","decl":{"start":{"line":16,"column":19},"end":{"line":16,"column":20}},"loc":{"start":{"line":16,"column":35},"end":{"line":18,"column":9}},"line":16},"2":{"name":"(anonymous_2)","decl":{"start":{"line":19,"column":18},"end":{"line":19,"column":19}},"loc":{"start":{"line":19,"column":34},"end":{"line":25,"column":9}},"line":19}},"branchMap":{},"s":{"0":2,"1":1,"2":0,"3":1,"4":2},"f":{"0":1,"1":0,"2":1},"b":{},"_coverageSchema":"1a1c01bbd47fc00a2c39e90264f33305004495a9","hash":"987dff4184997a55a964b7f88af8b8cc04217c4d"}
,"C:\\learning_React\\src\\utils\\constants.js": {"path":"C:\\learning_React\\src\\utils\\constants.js","statementMap":{"0":{"start":{"line":1,"column":23},"end":{"line":1,"column":119}},"1":{"start":{"line":4,"column":0},"end":{"line":4,"column":138}},"2":{"start":{"line":6,"column":24},"end":{"line":6,"column":161}}},"fnMap":{},"branchMap":{},"s":{"0":4,"1":4,"2":4},"f":{},"b":{},"_coverageSchema":"1a1c01bbd47fc00a2c39e90264f33305004495a9","hash":"ccf2ee389ff3023dba93bdcbdea664b63cb9bac1"}
,"C:\\learning_React\\src\\utils\\mockData.js": {"path":"C:\\learning_React\\src\\utils\\mockData.js","statementMap":{"0":{"start":{"line":1,"column":16},"end":{"line":3467,"column":6}}},"fnMap":{},"branchMap":{},"s":{"0":1},"f":{},"b":{},"_coverageSchema":"1a1c01bbd47fc00a2c39e90264f33305004495a9","hash":"76b0161cf52b67e902b9daeac9c33ad001e75fad"}
,"C:\\learning_React\\src\\utils\\useOnlineStatus.js": {"path":"C:\\learning_React\\src\\utils\\useOnlineStatus.js","statementMap":{"0":{"start":{"line":4,"column":24},"end":{"line":22,"column":1}},"1":{"start":{"line":7,"column":43},"end":{"line":7,"column":57}},"2":{"start":{"line":11,"column":4},"end":{"line":19,"column":9}},"3":{"start":{"line":12,"column":8},"end":{"line":14,"column":10}},"4":{"start":{"line":13,"column":12},"end":{"line":13,"column":35}},"5":{"start":{"line":16,"column":8},"end":{"line":18,"column":10}},"6":{"start":{"line":17,"column":12},"end":{"line":17,"column":34}},"7":{"start":{"line":21,"column":4},"end":{"line":21,"column":24}}},"fnMap":{"0":{"name":"(anonymous_0)","decl":{"start":{"line":4,"column":24},"end":{"line":4,"column":25}},"loc":{"start":{"line":4,"column":30},"end":{"line":22,"column":1}},"line":4},"1":{"name":"(anonymous_1)","decl":{"start":{"line":11,"column":14},"end":{"line":11,"column":15}},"loc":{"start":{"line":11,"column":18},"end":{"line":19,"column":5}},"line":11},"2":{"name":"(anonymous_2)","decl":{"start":{"line":12,"column":42},"end":{"line":12,"column":43}},"loc":{"start":{"line":12,"column":46},"end":{"line":14,"column":9}},"line":12},"3":{"name":"(anonymous_3)","decl":{"start":{"line":16,"column":41},"end":{"line":16,"column":42}},"loc":{"start":{"line":16,"column":45},"end":{"line":18,"column":9}},"line":16}},"branchMap":{},"s":{"0":3,"1":14,"2":14,"3":6,"4":0,"5":6,"6":0,"7":14},"f":{"0":14,"1":6,"2":0,"3":0},"b":{},"_coverageSchema":"1a1c01bbd47fc00a2c39e90264f33305004495a9","hash":"397a0db42c1286ef35233c3de9424deb3e1f8a4c"}
,"C:\\learning_React\\src\\utils\\useRestrauntMenu.js": {"path":"C:\\learning_React\\src\\utils\\useRestrauntMenu.js","statementMap":{"0":{"start":{"line":7,"column":25},"end":{"line":23,"column":1}},"1":{"start":{"line":9,"column":31},"end":{"line":9,"column":45}},"2":{"start":{"line":11,"column":2},"end":{"line":13,"column":7}},"3":{"start":{"line":12,"column":4},"end":{"line":12,"column":16}},"4":{"start":{"line":15,"column":20},"end":{"line":19,"column":3}},"5":{"start":{"line":16,"column":17},"end":{"line":16,"column":44}},"6":{"start":{"line":17,"column":17},"end":{"line":17,"column":34}},"7":{"start":{"line":18,"column":4},"end":{"line":18,"column":26}},"8":{"start":{"line":21,"column":2},"end":{"line":21,"column":17}}},"fnMap":{"0":{"name":"(anonymous_0)","decl":{"start":{"line":7,"column":25},"end":{"line":7,"column":26}},"loc":{"start":{"line":7,"column":36},"end":{"line":23,"column":1}},"line":7},"1":{"name":"(anonymous_1)","decl":{"start":{"line":11,"column":12},"end":{"line":11,"column":13}},"loc":{"start":{"line":11,"column":16},"end":{"line":13,"column":3}},"line":11},"2":{"name":"(anonymous_2)","decl":{"start":{"line":15,"column":20},"end":{"line":15,"column":21}},"loc":{"start":{"line":15,"column":32},"end":{"line":19,"column":3}},"line":15}},"branchMap":{},"s":{"0":1,"1":3,"2":3,"3":1,"4":3,"5":1,"6":1,"7":1,"8":3},"f":{"0":3,"1":1,"2":1},"b":{},"_coverageSchema":"1a1c01bbd47fc00a2c39e90264f33305004495a9","hash":"a894cf5aa8aa30602d63956a948d29fd8ae6cc38"}
}
