TN:
SF:src\components\Body.js
FN:10,(anonymous_0)
FN:21,(anonymous_1)
FN:25,(anonymous_2)
FN:57,(anonymous_3)
FN:64,(anonymous_4)
FN:66,(anonymous_5)
FN:75,(anonymous_6)
FN:77,(anonymous_7)
FN:89,(anonymous_8)
FN:93,(anonymous_9)
FNF:10
FNH:9
FNDA:7,(anonymous_0)
FNDA:2,(anonymous_1)
FNDA:2,(anonymous_2)
FNDA:1,(anonymous_3)
FNDA:1,(anonymous_4)
FNDA:102,(anonymous_5)
FNDA:1,(anonymous_6)
FNDA:102,(anonymous_7)
FNDA:0,(anonymous_8)
FNDA:322,(anonymous_9)
DA:10,1
DA:14,7
DA:15,7
DA:16,7
DA:18,7
DA:21,7
DA:22,2
DA:25,7
DA:26,2
DA:27,2
DA:31,2
DA:32,2
DA:36,7
DA:37,7
DA:46,7
DA:49,7
DA:59,1
DA:66,1
DA:67,102
DA:69,1
DA:76,1
DA:77,102
DA:79,1
DA:89,0
DA:97,322
LF:25
LH:24
BRDA:37,0,0,0
BRDA:37,0,1,7
BRDA:49,1,0,2
BRDA:49,1,1,5
BRDA:100,2,0,21
BRDA:100,2,1,301
BRF:6
BRH:5
end_of_record
TN:
SF:src\components\Cart.js
FN:5,(anonymous_0)
FN:8,(anonymous_1)
FN:12,(anonymous_2)
FNF:3
FNH:3
FNDA:3,(anonymous_0)
FNDA:6,(anonymous_1)
FNDA:1,(anonymous_2)
DA:5,1
DA:8,6
DA:10,3
DA:12,3
DA:13,1
DA:16,3
LF:6
LH:6
BRDA:22,0,0,3
BRDA:22,0,1,2
BRF:2
BRH:2
end_of_record
TN:
SF:src\components\Contact.js
FN:1,(anonymous_0)
FNF:1
FNH:1
FNDA:4,(anonymous_0)
DA:1,1
DA:2,4
LF:2
LH:2
BRF:0
BRH:0
end_of_record
TN:
SF:src\components\Header.js
FN:9,(anonymous_0)
FN:28,(anonymous_1)
FN:54,(anonymous_2)
FNF:3
FNH:3
FNDA:7,(anonymous_0)
FNDA:13,(anonymous_1)
FNDA:1,(anonymous_2)
DA:9,2
DA:21,7
DA:23,7
DA:25,7
DA:28,13
DA:30,7
DA:54,1
LF:7
LH:7
BRDA:39,0,0,7
BRDA:39,0,1,0
BRDA:54,1,0,1
BRDA:54,1,1,0
BRF:4
BRH:2
end_of_record
TN:
SF:src\components\ItemList.js
FN:6,(anonymous_0)
FN:10,(anonymous_1)
FN:17,(anonymous_2)
FN:31,(anonymous_3)
FNF:4
FNH:4
FNDA:5,(anonymous_0)
FNDA:1,(anonymous_1)
FNDA:30,(anonymous_2)
FNDA:1,(anonymous_3)
DA:6,1
DA:8,5
DA:10,5
DA:12,1
DA:15,5
DA:18,30
DA:31,1
LF:7
LH:7
BRF:0
BRH:0
end_of_record
TN:
SF:src\components\RestaurantCard.js
FN:3,(anonymous_0)
FN:29,(anonymous_1)
FN:31,(anonymous_2)
FNF:3
FNH:3
FNDA:324,(anonymous_0)
FNDA:8,(anonymous_1)
FNDA:22,(anonymous_2)
DA:3,2
DA:5,324
DA:7,324
DA:9,324
DA:29,2
DA:31,8
DA:32,22
LF:7
LH:7
BRDA:21,0,0,0
BRDA:21,0,1,324
BRF:2
BRH:1
end_of_record
TN:
SF:src\components\RestaurantCategory.js
FN:4,(anonymous_0)
FN:6,(anonymous_1)
FNF:2
FNH:2
FNDA:34,(anonymous_0)
FNDA:1,(anonymous_1)
DA:4,1
DA:6,34
DA:7,1
DA:10,34
LF:4
LH:4
BRDA:21,0,0,34
BRDA:21,0,1,2
BRF:2
BRH:2
end_of_record
TN:
SF:src\components\RestaurantMenu.js
FN:9,(anonymous_0)
FN:30,(anonymous_1)
FN:52,(anonymous_2)
FN:57,(anonymous_3)
FNF:4
FNH:4
FNDA:3,(anonymous_0)
FNDA:46,(anonymous_1)
FNDA:34,(anonymous_2)
FNDA:1,(anonymous_3)
DA:9,1
DA:13,3
DA:18,3
DA:20,3
DA:22,3
DA:24,2
DA:29,2
DA:31,46
DA:38,2
DA:53,34
DA:57,1
LF:11
LH:11
BRDA:22,0,0,1
BRDA:22,0,1,2
BRDA:56,1,0,2
BRDA:56,1,1,32
BRDA:57,2,0,0
BRDA:57,2,1,1
BRF:6
BRH:5
end_of_record
TN:
SF:src\components\Shimmer.js
FN:3,(anonymous_0)
FNF:1
FNH:1
FNDA:3,(anonymous_0)
DA:3,2
DA:4,3
LF:2
LH:2
BRF:0
BRH:0
end_of_record
TN:
SF:src\components\sum.js
FN:1,(anonymous_0)
FNF:1
FNH:1
FNDA:1,(anonymous_0)
DA:1,1
DA:2,1
LF:2
LH:2
BRF:0
BRH:0
end_of_record
TN:
SF:src\utils\UserContext.js
FNF:0
FNH:0
DA:5,3
LF:1
LH:1
BRF:0
BRH:0
end_of_record
TN:
SF:src\utils\appStore.js
FNF:0
FNH:0
DA:4,2
LF:1
LH:1
BRF:0
BRH:0
end_of_record
TN:
SF:src\utils\cartSlice.js
FN:12,(anonymous_0)
FN:16,(anonymous_1)
FN:19,(anonymous_2)
FNF:3
FNH:2
FNDA:1,(anonymous_0)
FNDA:0,(anonymous_1)
FNDA:1,(anonymous_2)
DA:4,2
DA:14,1
DA:17,0
DA:24,1
DA:29,2
LF:5
LH:4
BRF:0
BRH:0
end_of_record
TN:
SF:src\utils\constants.js
FNF:0
FNH:0
DA:1,4
DA:4,4
DA:6,4
LF:3
LH:3
BRF:0
BRH:0
end_of_record
TN:
SF:src\utils\mockData.js
FNF:0
FNH:0
DA:1,1
LF:1
LH:1
BRF:0
BRH:0
end_of_record
TN:
SF:src\utils\useOnlineStatus.js
FN:4,(anonymous_0)
FN:11,(anonymous_1)
FN:12,(anonymous_2)
FN:16,(anonymous_3)
FNF:4
FNH:2
FNDA:14,(anonymous_0)
FNDA:6,(anonymous_1)
FNDA:0,(anonymous_2)
FNDA:0,(anonymous_3)
DA:4,3
DA:7,14
DA:11,14
DA:12,6
DA:13,0
DA:16,6
DA:17,0
DA:21,14
LF:8
LH:6
BRF:0
BRH:0
end_of_record
TN:
SF:src\utils\useRestrauntMenu.js
FN:7,(anonymous_0)
FN:11,(anonymous_1)
FN:15,(anonymous_2)
FNF:3
FNH:3
FNDA:3,(anonymous_0)
FNDA:1,(anonymous_1)
FNDA:1,(anonymous_2)
DA:7,1
DA:9,3
DA:11,3
DA:12,1
DA:15,3
DA:16,1
DA:17,1
DA:18,1
DA:21,3
LF:9
LH:9
BRF:0
BRH:0
end_of_record
